{
  "RSpec": {
    "coverage": {
      "/home/paulo/projetos/CrystaShell/lib/gerenciador_terminal.rb": {
        "lines": [
          null,
          null,
          null,
          null,
          null,
          1,
          1,
          1,
          1,
          1,
          1,
          1,
          1,
          1,
          1,
          1,
          1,
          1,
          1,
          1,
          1,
          null,
          1,
          null
        ]
      },
      "/home/paulo/projetos/CrystaShell/lib/gerenciador_terminal/main/aplicacao.rb": {
        "lines": []
      },
      "/home/paulo/projetos/CrystaShell/lib/gerenciador_terminal/main/ajudantes.rb": {
        "lines": []
      },
      "/home/paulo/projetos/CrystaShell/lib/gerenciador_terminal/main/carregador_config.rb": {
        "lines": [
          1,
          1,
          1,
          1,
          3,
          null,
          null,
          null,
          null
        ]
      },
      "/home/paulo/projetos/CrystaShell/lib/gerenciador_terminal/interface/menu_principal.rb": {
        "lines": [
          1,
          1,
          1,
          1,
          1,
          1,
          1,
          1,
          1,
          null,
          1,
          1,
          1,
          1,
          1,
          1,
          1,
          1,
          null,
          null,
          1,
          0,
          0,
          0,
          0,
          null,
          0,
          null,
          null,
          null,
          null,
          null,
          null,
          null,
          null,
          0,
          0,
          0,
          0,
          0,
          0,
          null,
          null,
          null,
          0,
          0,
          0,
          0,
          null,
          null,
          null,
          1,
          null,
          1,
          null,
          0,
          null,
          0,
          null,
          null,
          null,
          1,
          0,
          0,
          null,
          null,
          1,
          0,
          0,
          null,
          null,
          1,
          0,
          0,
          null,
          null,
          1,
          0,
          0,
          null,
          null,
          1,
          0,
          0,
          null,
          null,
          1,
          0,
          0,
          null,
          null,
          1,
          0,
          0,
          0,
          0,
          null,
          null,
          null,
          null,
          null
        ]
      },
      "/home/paulo/projetos/CrystaShell/lib/gerenciador_terminal/interface/menu_base.rb": {
        "lines": [
          1,
          1,
          1,
          1,
          null,
          1,
          1,
          1,
          1,
          null,
          1,
          4,
          null,
          null,
          1,
          0,
          0,
          0,
          0,
          null,
          null,
          1,
          0,
          0,
          0,
          0,
          null,
          null,
          1,
          1,
          null,
          null,
          1,
          0,
          null,
          null,
          null
        ]
      },
      "/home/paulo/projetos/CrystaShell/lib/gerenciador_terminal/funcionalidades/temas/gerenciador.rb": {
        "lines": [
          1,
          1,
          1,
          null,
          1,
          1,
          1,
          1,
          1,
          0,
          0,
          0,
          0,
          0,
          null,
          null,
          1,
          0,
          0,
          0,
          null,
          0,
          0,
          0,
          0,
          0,
          0,
          null,
          null,
          null,
          1,
          0,
          0,
          0,
          0,
          0,
          0,
          null,
          0,
          0,
          0,
          0,
          0,
          0,
          null,
          0,
          0,
          null,
          0,
          null,
          0,
          0,
          0,
          0,
          null,
          null,
          null,
          null,
          null
        ]
      },
      "/home/paulo/projetos/CrystaShell/lib/gerenciador_terminal/funcionalidades/temas/carregador.rb": {
        "lines": [
          1,
          null,
          1,
          1,
          1,
          1,
          1,
          0,
          0,
          0,
          0,
          null,
          0,
          null,
          null,
          null,
          null
        ]
      },
      "/home/paulo/projetos/CrystaShell/lib/gerenciador_terminal/funcionalidades/aliases/gerenciador.rb": {
        "lines": []
      },
      "/home/paulo/projetos/CrystaShell/lib/gerenciador_terminal/funcionalidades/ferramentas_git/gerenciador.rb": {
        "lines": []
      },
      "/home/paulo/projetos/CrystaShell/lib/gerenciador_terminal/funcionalidades/ferramentas_docker/gerenciador.rb": {
        "lines": []
      },
      "/home/paulo/projetos/CrystaShell/lib/gerenciador_terminal/funcionalidades/projetos/gerenciador.rb": {
        "lines": []
      },
      "/home/paulo/projetos/CrystaShell/lib/gerenciador_terminal/funcionalidades/variaveis_ambiente/gerenciador.rb": {
        "lines": []
      },
      "/home/paulo/projetos/CrystaShell/lib/gerenciador_terminal/funcionalidades/backup_restore/gerenciador.rb": {
        "lines": []
      },
      "/home/paulo/projetos/CrystaShell/lib/gerenciador_terminal/cli/executor_comando.rb": {
        "lines": []
      },
      "/home/paulo/projetos/CrystaShell/lib/gerenciador_terminal/funcionalidades/aliases/carregador.rb": {
        "lines": []
      },
      "/home/paulo/projetos/CrystaShell/lib/gerenciador_terminal/funcionalidades/projetos/escaneador.rb": {
        "lines": []
      }
    },
    "timestamp": 1754310817
  }
}
